<?xml version="1.0" encoding="UTF-8"?>
<testng-results ignored="0" total="1" passed="1" failed="0" skipped="0">
  <reporter-output>
  </reporter-output>
  <suite started-at="2026-06-24T12:12:17 PDT" name="Default suite" finished-at="2026-06-24T12:16:44 PDT" duration-ms="266600">
    <groups>
    </groups>
    <test started-at="2026-06-24T12:12:17 PDT" name="Default test" finished-at="2026-06-24T12:16:44 PDT" duration-ms="266600">
      <class name="Security_Report_Package.SecurityReport">
        <test-method is-config="true" signature="setup()[pri:0, instance:Security_Report_Package.SecurityReport@7c7a06ec]" started-at="2026-06-24T12:12:17 PDT" name="setup" finished-at="2026-06-24T12:12:19 PDT" duration-ms="2004" status="PASS">
          <reporter-output>
          </reporter-output>
        </test-method> <!-- setup -->
        <test-method signature="Security_Report()[pri:0, instance:Security_Report_Package.SecurityReport@7c7a06ec]" started-at="2026-06-24T12:12:19 PDT" name="Security_Report" finished-at="2026-06-24T12:16:42 PDT" duration-ms="262990" status="PASS">
          <reporter-output>
          </reporter-output>
        </test-method> <!-- Security_Report -->
        <test-method is-config="true" signature="Close()[pri:0, instance:Security_Report_Package.SecurityReport@7c7a06ec]" started-at="2026-06-24T12:16:42 PDT" name="Close" finished-at="2026-06-24T12:16:44 PDT" duration-ms="1567" status="PASS">
          <reporter-output>
          </reporter-output>
        </test-method> <!-- Close -->
      </class> <!-- Security_Report_Package.SecurityReport -->
    </test> <!-- Default test -->
  </suite> <!-- Default suite -->
</testng-results>
